2025-05-09T15:05:12.559Z - info: [ui] [AppStore] loading 0 repositories from store
2025-05-09T15:05:12.581Z - info: [ui] [Welcome] no sign in step found. ignoring...
2025-05-09T15:05:12.610Z - info: [ui] [Welcome] no sign in step found. ignoring...
2025-05-09T15:05:12.612Z - info: [ui] launching: 3.4.12-linux1 (Linux 6.14.5-300.fc42.x86_64)
2025-05-09T15:05:12.612Z - info: [ui] execPath: '/usr/lib/github-desktop/github-desktop'
2025-05-09T15:05:12.622Z - info: [ui] [Welcome] no sign in step found. ignoring...
2025-05-09T15:05:12.635Z - info: [ui] [Welcome] no sign in step found. ignoring...
2025-05-09T15:05:12.673Z - info: [ui] [Welcome] no sign in step found. ignoring...
2025-05-09T15:05:13.501Z - info: [ui] Opt in reported.
2025-05-09T15:05:14.534Z - info: [ui] [Welcome] advancing to step: SignInToDotComWithBrowser
2025-05-09T15:05:14.534Z - info: [ui] [SignInStore] initializing OAuth flow
2025-05-09T15:05:14.537Z - info: [main] opening in browser: https://github.com/login/oauth/authorize?client_id=3a723b10ac5575cc5bb9&scope=repo%20user%20workflow&state=e0589a1e-29ee-49b9-8d14-2be17ac91d47
2025-05-09T15:05:14.537Z - info: [ui] [Welcome] current sign in state not found. ignoring...
2025-05-09T15:05:15.184Z - info: [ui] [Welcome] kind Authentication is the same as Authentication. ignoring...
2025-05-09T15:05:15.617Z - info: [ui] [Welcome] kind Authentication is the same as Authentication. ignoring...
2025-05-09T15:05:16.301Z - info: [ui] [Welcome] kind Authentication is the same as Authentication. ignoring...
2025-05-09T15:05:18.269Z - info: [ui] [Welcome] kind Authentication is the same as Authentication. ignoring...
2025-05-09T15:05:18.768Z - info: [ui] [Welcome] kind Authentication is the same as Authentication. ignoring...
2025-05-09T15:05:18.786Z - info: [ui] [Welcome] kind Authentication is the same as Authentication. ignoring...
2025-05-09T15:05:49.650Z - info: [ui] [Welcome] kind Authentication is the same as Authentication. ignoring...
2025-05-09T15:05:51.526Z - info: [main] Received possible protocol arguments: 3
2025-05-09T15:05:51.526Z - info: [main] Processing protocol url
2025-05-09T15:05:51.646Z - info: [main] Received possible protocol arguments: 2
2025-05-09T15:05:51.651Z - info: [main] Processing protocol url
2025-05-09T15:05:51.934Z - info: [ui] [Welcome] kind Authentication is the same as Authentication. ignoring...
2025-05-09T15:05:54.135Z - info: [ui] [SignInStore] account resolved
2025-05-09T15:05:54.135Z - info: [ui] [AppStore] adding account zololade (Ololade) to store
2025-05-09T15:05:54.936Z - info: [ui] [Welcome] advancing to step: ConfigureGit
2025-05-09T15:05:54.966Z - info: [ui] Subscribed 'zololade' to Alive channel
2025-05-09T15:05:55.937Z - info: [ui] [Welcome] no sign in step found. ignoring...
2025-05-09T15:07:58.587Z - info: [ui] [Welcome] no sign in step found. ignoring...
2025-05-09T17:44:23.535Z - info: [ui] [AppStore] loading 0 repositories from store
2025-05-09T17:44:23.541Z - info: [ui] [AppStore] found account: zololade (Ololade)
2025-05-09T17:44:23.718Z - info: [ui] launching: 3.4.12-linux1 (Linux 6.14.5-300.fc42.x86_64)
2025-05-09T17:44:23.720Z - info: [ui] execPath: '/usr/lib/github-desktop/github-desktop'
2025-05-09T17:44:25.021Z - info: [ui] Subscribed 'zololade' to Alive channel
2025-05-09T17:44:26.797Z - info: [ui] Stats reported.
2025-05-09T17:44:37.759Z - info: [ui] Executing clone: git -c init.defaultBranch=master clone --recursive --progress -- https://github.com/zololade/remote-monitoring-dashboard.git /home/ololade/Documents/GitHub/remote-monitoring-dashboard (took 4.721s)
2025-05-09T17:44:37.801Z - info: [ui] [AppStore] adding repository at /home/ololade/Documents/GitHub/remote-monitoring-dashboard to store
2025-05-09T17:44:38.674Z - info: [ui] [BranchPruner] No branches to prune.
